<?xml version="1.0" encoding="UTF-8"?>
<!-- Generated by org.testng.reporters.JUnitXMLReporter -->
<testsuite ignored="0" hostname="Bye-Bye" failures="0" tests="9" name="Test3" time="0.262" errors="0" timestamp="2024-04-11T11:52:05 IST">
  <testcase classname="TypesOFExecution.PracticeTest" name="PracticeTest1" time="0.031"/>
  <testcase classname="TypesOFExecution.PracticeTest" name="PracticeTest2" time="0.002"/>
  <testcase classname="TypesOFExecution.PracticeTest" name="PracticeTest3" time="0.003"/>
  <testcase classname="TypesOFExecution.DemoTest" name="DemoTest1" time="0.003"/>
  <testcase classname="TypesOFExecution.DemoTest" name="DemoTest2" time="0.018"/>
  <testcase classname="TypesOFExecution.DemoTest" name="DemoTest3" time="0.001"/>
  <testcase classname="TypesOFExecution.SampleTest" name="SampleTest1" time="0.012"/>
  <testcase classname="TypesOFExecution.SampleTest" name="SampleTest2" time="0.002"/>
  <testcase classname="TypesOFExecution.SampleTest" name="SampleTest3" time="0.001"/>
</testsuite> <!-- Test3 -->
