<?xml version="1.0" encoding="UTF-8"?>
<!-- Generated by org.testng.reporters.JUnitXMLReporter -->
<testsuite ignored="0" hostname="Bye-Bye" failures="0" tests="3" name="Test03" time="15.018" errors="0" timestamp="2024-04-10T12:22:54 IST">
  <testcase classname="TypesOFExecution.SampleTest" name="SampleTest1" time="0.043"/>
  <testcase classname="TypesOFExecution.SampleTest" name="SampleTest2" time="0.059"/>
  <testcase classname="TypesOFExecution.SampleTest" name="SampleTest3" time="0.05"/>
</testsuite> <!-- Test03 -->
