<?xml version="1.0" encoding="UTF-8"?>
<!-- Generated by org.testng.reporters.JUnitXMLReporter -->
<testsuite ignored="0" hostname="Bye-Bye" failures="0" tests="9" name="Test2" time="0.405" errors="0" timestamp="2024-04-15T17:16:09 IST">
  <testcase classname="TypesOFExecution.PracticeTest" name="PracticeTest1" time="0.035"/>
  <testcase classname="TypesOFExecution.PracticeTest" name="PracticeTest2" time="0.003"/>
  <testcase classname="TypesOFExecution.PracticeTest" name="PracticeTest3" time="0.008"/>
  <testcase classname="TypesOFExecution.DemoTest" name="DemoTest1" time="0.003"/>
  <testcase classname="TypesOFExecution.DemoTest" name="DemoTest2" time="0.005"/>
  <testcase classname="TypesOFExecution.DemoTest" name="DemoTest3" time="0.055"/>
  <testcase classname="TypesOFExecution.SampleTest" name="SampleTest1" time="0.005"/>
  <testcase classname="TypesOFExecution.SampleTest" name="SampleTest2" time="0.007"/>
  <testcase classname="TypesOFExecution.SampleTest" name="SampleTest3" time="0.004"/>
</testsuite> <!-- Test2 -->
