<?xml version="1.0" encoding="UTF-8"?>
<!-- Generated by org.testng.reporters.JUnitXMLReporter -->
<testsuite ignored="0" hostname="Bye-Bye" failures="0" tests="3" name="Test01" time="19.931" errors="0" timestamp="2024-04-10T14:46:05 IST">
  <testcase classname="TypesOFExecution.PracticeTest" name="PracticeTest1" time="0.328"/>
  <testcase classname="TypesOFExecution.PracticeTest" name="PracticeTest2" time="0.001">
    <skipped/>
  </testcase> <!-- PracticeTest2 -->
  <testcase classname="TypesOFExecution.PracticeTest" name="PracticeTest3" time="0.0">
    <skipped/>
  </testcase> <!-- PracticeTest3 -->
</testsuite> <!-- Test01 -->
