<?xml version="1.0" encoding="UTF-8"?>
<!-- Generated by org.testng.reporters.JUnitXMLReporter -->
<testsuite ignored="0" hostname="Bye-Bye" failures="0" tests="3" name="Test02" time="17.427" errors="0" timestamp="2024-04-10T12:22:40 IST">
  <testcase classname="TypesOFExecution.DemoTest" name="DemoTest1" time="0.048"/>
  <testcase classname="TypesOFExecution.DemoTest" name="DemoTest2" time="0.246"/>
  <testcase classname="TypesOFExecution.DemoTest" name="DemoTest3" time="0.067"/>
</testsuite> <!-- Test02 -->
