<?xml version="1.0" encoding="UTF-8"?>
<!-- Generated by org.testng.reporters.JUnitXMLReporter -->
<testsuite ignored="0" hostname="Bye-Bye" failures="0" tests="9" name="Test1" time="0.277" errors="0" timestamp="2024-04-11T11:52:05 IST">
  <testcase classname="TypesOFExecution.PracticeTest" name="PracticeTest1" time="0.028"/>
  <testcase classname="TypesOFExecution.PracticeTest" name="PracticeTest2" time="0.019"/>
  <testcase classname="TypesOFExecution.PracticeTest" name="PracticeTest3" time="0.002"/>
  <testcase classname="TypesOFExecution.DemoTest" name="DemoTest1" time="0.015"/>
  <testcase classname="TypesOFExecution.DemoTest" name="DemoTest2" time="0.02"/>
  <testcase classname="TypesOFExecution.DemoTest" name="DemoTest3" time="0.002"/>
  <testcase classname="TypesOFExecution.SampleTest" name="SampleTest1" time="0.014"/>
  <testcase classname="TypesOFExecution.SampleTest" name="SampleTest2" time="0.002"/>
  <testcase classname="TypesOFExecution.SampleTest" name="SampleTest3" time="0.002"/>
</testsuite> <!-- Test1 -->
