<?xml version="1.0" encoding="UTF-8"?>
<testng-results ignored="0" total="1" passed="1" failed="0" skipped="0">
  <reporter-output>
  </reporter-output>
  <suite started-at="2024-04-13T11:37:18 IST" name="Default suite" finished-at="2024-04-13T11:37:46 IST" duration-ms="28244">
    <groups>
    </groups>
    <test started-at="2024-04-13T11:37:18 IST" name="Default test" finished-at="2024-04-13T11:37:46 IST" duration-ms="28244">
      <class name="testngPractice.Instagram">
        <test-method signature="takephoto()[pri:0, instance:testngPractice.Instagram@35cabb2a]" started-at="2024-04-13T11:37:18 IST" name="takephoto" finished-at="2024-04-13T11:37:46 IST" duration-ms="28111" status="PASS">
          <reporter-output>
          </reporter-output>
        </test-method> <!-- takephoto -->
      </class> <!-- testngPractice.Instagram -->
    </test> <!-- Default test -->
  </suite> <!-- Default suite -->
</testng-results>
